<?xml version="1.0" encoding="UTF-8"?>
<!-- Generated by org.testng.reporters.JUnitReportReporter -->
<testsuite hostname="DESKTOP-7NE77EG" failures="0" tests="1" name="ui.BuzzTest" time="19.248" errors="0" timestamp="2023-09-17T00:33:05 MSK" skipped="0">
  <testcase classname="ui.BuzzTest" name="createPostTest" time="19.248"/>
  <system-out/>
</testsuite> <!-- ui.BuzzTest -->
