<?xml version="1.0" encoding="UTF-8"?>
<!-- Generated by org.testng.reporters.JUnitReportReporter -->
<testsuite hostname="DESKTOP-7NE77EG" failures="0" tests="1" name="ui.RandomTest" time="24.945" errors="0" timestamp="2023-09-20T22:52:17 MSK" skipped="0">
  <testcase classname="ui.RandomTest" name="randomLoginVoid" time="24.945"/>
  <system-out/>
</testsuite> <!-- ui.RandomTest -->
