<?xml version="1.0" encoding="UTF-8"?>
<!-- Generated by org.testng.reporters.JUnitReportReporter -->
<testsuite hostname="DESKTOP-7NE77EG" failures="0" tests="1" name="ui.DashboardTest" time="8.592" errors="0" timestamp="2023-09-17T00:29:58 MSK" skipped="0">
  <testcase classname="ui.DashboardTest" name="findElementTest" time="8.592"/>
  <system-out/>
</testsuite> <!-- ui.DashboardTest -->
