<?xml version="1.0" encoding="UTF-8"?>
<!-- Generated by org.testng.reporters.JUnitReportReporter -->
<testsuite hostname="DESKTOP-7NE77EG" failures="0" tests="1" name="ui.BuzzTest" time="34.422" errors="0" timestamp="2023-09-20T22:52:17 MSK" skipped="0">
  <testcase classname="ui.BuzzTest" name="createPostTest" time="34.422"/>
  <system-out/>
</testsuite> <!-- ui.BuzzTest -->
